2022-08-20 12:18:38.322  INFO 1828 --- [main] com.api.sportyShoes.SportyShoes          : Starting SportyShoes on DESKTOP-BC4C4TL with PID 1828 (F:\simplilearn\JavaProjects\SpringProject\sporty_shoes-master\target\classes started by Dell in F:\simplilearn\JavaProjects\SpringProject\sporty_shoes-master)
2022-08-20 12:18:38.329  INFO 1828 --- [main] com.api.sportyShoes.SportyShoes          : No active profile set, falling back to default profiles: default
2022-08-20 12:18:39.419  INFO 1828 --- [main] .s.d.r.c.RepositoryConfigurationDelegate : Bootstrapping Spring Data JPA repositories in DEFAULT mode.
2022-08-20 12:18:39.520  INFO 1828 --- [main] .s.d.r.c.RepositoryConfigurationDelegate : Finished Spring Data repository scanning in 74ms. Found 2 JPA repository interfaces.
2022-08-20 12:18:40.317  INFO 1828 --- [main] o.s.b.w.embedded.tomcat.TomcatWebServer  : Tomcat initialized with port(s): 4000 (http)
2022-08-20 12:18:40.336  INFO 1828 --- [main] o.apache.catalina.core.StandardService   : Starting service [Tomcat]
2022-08-20 12:18:40.336  INFO 1828 --- [main] org.apache.catalina.core.StandardEngine  : Starting Servlet engine: [Apache Tomcat/9.0.38]
2022-08-20 12:18:40.464  INFO 1828 --- [main] o.a.c.c.C.[Tomcat].[localhost].[/]       : Initializing Spring embedded WebApplicationContext
2022-08-20 12:18:40.465  INFO 1828 --- [main] w.s.c.ServletWebServerApplicationContext : Root WebApplicationContext: initialization completed in 2045 ms
2022-08-20 12:18:40.526  INFO 1828 --- [main] com.zaxxer.hikari.HikariDataSource       : HikariPool-1 - Starting...
2022-08-20 12:18:40.738  INFO 1828 --- [main] com.zaxxer.hikari.HikariDataSource       : HikariPool-1 - Start completed.
2022-08-20 12:18:40.748  INFO 1828 --- [main] o.s.b.a.h2.H2ConsoleAutoConfiguration    : H2 console available at '/h2'. Database available at 'jdbc:h2:mem:testdb'
2022-08-20 12:18:40.924  INFO 1828 --- [main] o.hibernate.jpa.internal.util.LogHelper  : HHH000204: Processing PersistenceUnitInfo [name: default]
2022-08-20 12:18:40.985  INFO 1828 --- [main] org.hibernate.Version                    : HHH000412: Hibernate ORM core version 5.4.21.Final
2022-08-20 12:18:41.183  INFO 1828 --- [main] o.hibernate.annotations.common.Version   : HCANN000001: Hibernate Commons Annotations {5.1.0.Final}
2022-08-20 12:18:41.323  INFO 1828 --- [main] org.hibernate.dialect.Dialect            : HHH000400: Using dialect: org.hibernate.dialect.H2Dialect
2022-08-20 12:18:42.042  INFO 1828 --- [main] o.h.e.t.j.p.i.JtaPlatformInitiator       : HHH000490: Using JtaPlatform implementation: [org.hibernate.engine.transaction.jta.platform.internal.NoJtaPlatform]
2022-08-20 12:18:42.050  INFO 1828 --- [main] j.LocalContainerEntityManagerFactoryBean : Initialized JPA EntityManagerFactory for persistence unit 'default'
2022-08-20 12:18:42.148  WARN 1828 --- [main] JpaBaseConfiguration$JpaWebConfiguration : spring.jpa.open-in-view is enabled by default. Therefore, database queries may be performed during view rendering. Explicitly configure spring.jpa.open-in-view to disable this warning
2022-08-20 12:18:43.062  INFO 1828 --- [main] o.s.s.web.DefaultSecurityFilterChain     : Creating filter chain: any request, [org.springframework.security.web.context.request.async.WebAsyncManagerIntegrationFilter@27caa186, org.springframework.security.web.context.SecurityContextPersistenceFilter@2eb91767, org.springframework.security.web.header.HeaderWriterFilter@45bbb3e8, org.springframework.security.web.authentication.logout.LogoutFilter@2480acc3, org.springframework.security.web.authentication.www.BasicAuthenticationFilter@1315befe, org.springframework.security.web.savedrequest.RequestCacheAwareFilter@3ecc9baa, org.springframework.security.web.servletapi.SecurityContextHolderAwareRequestFilter@17f7a1af, org.springframework.security.web.authentication.AnonymousAuthenticationFilter@6ebf9c2d, org.springframework.security.web.session.SessionManagementFilter@395abe85, org.springframework.security.web.access.ExceptionTranslationFilter@411576c7, org.springframework.security.web.access.intercept.FilterSecurityInterceptor@4cd079fe]
2022-08-20 12:18:43.097  INFO 1828 --- [main] pertySourcedRequestMappingHandlerMapping : Mapped URL path [/v2/api-docs] onto method [springfox.documentation.swagger2.web.Swagger2Controller#getDocumentation(String, HttpServletRequest)]
2022-08-20 12:18:43.258  INFO 1828 --- [main] o.s.s.concurrent.ThreadPoolTaskExecutor  : Initializing ExecutorService 'applicationTaskExecutor'
2022-08-20 12:18:43.427  INFO 1828 --- [main] d.s.w.p.DocumentationPluginsBootstrapper : Context refreshed
2022-08-20 12:18:43.451  INFO 1828 --- [main] d.s.w.p.DocumentationPluginsBootstrapper : Found 1 custom documentation plugin(s)
2022-08-20 12:18:43.505  INFO 1828 --- [main] s.d.s.w.s.ApiListingReferenceScanner     : Scanning for api listing references
2022-08-20 12:18:43.768  INFO 1828 --- [main] o.s.b.w.embedded.tomcat.TomcatWebServer  : Tomcat started on port(s): 4000 (http) with context path ''
2022-08-20 12:18:43.772  INFO 1828 --- [main] com.api.sportyShoes.SportyShoes          : Started SportyShoes in 5.946 seconds (JVM running for 6.937)
2022-08-20 12:19:49.112  INFO 1828 --- [http-nio-4000-exec-1] o.a.c.c.C.[Tomcat].[localhost].[/]       : Initializing Spring DispatcherServlet 'dispatcherServlet'
2022-08-20 12:19:49.113  INFO 1828 --- [http-nio-4000-exec-1] o.s.web.servlet.DispatcherServlet        : Initializing Servlet 'dispatcherServlet'
2022-08-20 12:19:49.128  INFO 1828 --- [http-nio-4000-exec-1] o.s.web.servlet.DispatcherServlet        : Completed initialization in 15 ms
2022-08-20 12:48:55.754  INFO 1828 --- [RMI TCP Connection(33)-127.0.0.1] inMXBeanRegistrar$SpringApplicationAdmin : Application shutdown requested.
2022-08-20 12:48:55.757  INFO 1828 --- [RMI TCP Connection(33)-127.0.0.1] o.s.s.concurrent.ThreadPoolTaskExecutor  : Shutting down ExecutorService 'applicationTaskExecutor'
2022-08-20 12:48:55.762  INFO 1828 --- [RMI TCP Connection(33)-127.0.0.1] j.LocalContainerEntityManagerFactoryBean : Closing JPA EntityManagerFactory for persistence unit 'default'
2022-08-20 12:48:55.762  INFO 1828 --- [RMI TCP Connection(33)-127.0.0.1] .SchemaDropperImpl$DelayedDropActionImpl : HHH000477: Starting delayed evictData of schema as part of SessionFactory shut-down'
2022-08-20 12:48:55.778  INFO 1828 --- [RMI TCP Connection(33)-127.0.0.1] com.zaxxer.hikari.HikariDataSource       : HikariPool-1 - Shutdown initiated...
2022-08-20 12:48:55.781  INFO 1828 --- [RMI TCP Connection(33)-127.0.0.1] com.zaxxer.hikari.HikariDataSource       : HikariPool-1 - Shutdown completed.
